"../../../Engine/Content/Functions/Engine_MaterialFunctions01/Opacity/CameraDepthFade.uasset" 0
"../../../Engine/Content/EngineMaterials/T_Default_Material_Grid_M.uasset" 1
"../../../Engine/Content/EngineMaterials/T_Default_Material_Grid_N.uasset" 2
"../../../Engine/Content/EngineMaterials/WorldGridMaterial.uasset" 3
"../../../Engine/Content/ArtTools/RenderToTexture/Meshes/S_1_Unit_Plane.uasset" 4
"../../../Engine/Content/EngineMaterials/DefaultMaterial.uasset" 5
"../../../Engine/Content/BasicShapes/Cone.uasset" 6
"../../../Engine/Content/BasicShapes/Cube.uasset" 7
"../../../Engine/Content/BasicShapes/Cylinder.uasset" 8
"../../../Engine/Content/BasicShapes/Plane.uasset" 9
"../../../Engine/Content/BasicShapes/Sphere.uasset" 10
"../../../Engine/Content/EditorLandscapeResources/DataLayer.uasset" 11
"../../../Engine/Content/EditorMaterials/GizmoMaterial.uasset" 12
"../../../Engine/Content/EditorMaterials/MAT_Groups_Toggle.uasset" 13
"../../../Engine/Content/EditorMaterials/MAT_Groups_Visibility.uasset" 14
"../../../Engine/Content/EditorMaterials/PreviewShadowIndicator.uasset" 15
"../../../Engine/Content/EditorMaterials/PreviewShadowIndicatorMaterial.uasset" 16
"../../../Engine/Content/EditorMaterials/MatineeGroups/MAT_ColorTrack.uasset" 17
"../../../Engine/Content/EditorMaterials/MatineeGroups/MAT_Groups_Anim.uasset" 18
"../../../Engine/Content/EditorMaterials/MatineeGroups/MAT_Groups_AudioMaster.uasset" 19
"../../../Engine/Content/EditorMaterials/MatineeGroups/MAT_Groups_Director.uasset" 20
"../../../Engine/Content/EditorMaterials/MatineeGroups/MAT_Groups_Event.uasset" 21
"../../../Engine/Content/EditorMaterials/MatineeGroups/MAT_Groups_Fade.uasset" 22
"../../../Engine/Content/EditorMaterials/MatineeGroups/MAT_Groups_Float.uasset" 23
"../../../Engine/Content/EditorMaterials/MatineeGroups/MAT_Groups_Move.uasset" 24
"../../../Engine/Content/EditorMaterials/MatineeGroups/MAT_Groups_Slomo.uasset" 25
"../../../Engine/Content/EditorMaterials/MatineeGroups/MAT_Groups_Sound.uasset" 26
"../../../Engine/Content/EditorMaterials/MatineeGroups/MAT_Groups_Vector.uasset" 27
"../../../Engine/Content/EditorMaterials/ParticleSystems/PSysThumbnail_NoImage.uasset" 28
"../../../Engine/Content/EditorMaterials/ParticleSystems/PSysThumbnail_OOD.uasset" 29
"../../../Engine/Content/EditorMaterials/Camera/CineMat.uasset" 30
"../../../Engine/Content/EditorMaterials/Camera/MI_CineMat_Rig.uasset" 31
"../../../Engine/Content/EditorMeshes/Camera/SM_CraneRig_Arm.uasset" 32
"../../../Engine/Content/EditorMeshes/Camera/SM_CraneRig_Base.uasset" 33
"../../../Engine/Content/EditorMeshes/Camera/SM_CraneRig_Body.uasset" 34
"../../../Engine/Content/EditorMeshes/Camera/SM_CraneRig_Mount.uasset" 35
"../../../Engine/Content/EditorMeshes/Camera/SM_RailRig_Mount.uasset" 36
"../../../Engine/Content/EditorMeshes/Camera/SM_RailRig_Track.uasset" 37
"../../../Engine/Content/EditorResources/BSPVertex.uasset" 38
"../../../Engine/Content/EditorResources/EmptyActor.uasset" 39
"../../../Engine/Content/EditorResources/S_Actor.uasset" 40
"../../../Engine/Content/EditorResources/S_Trigger.uasset" 41
"../../../Engine/Content/EditorResources/LightIcons/S_LightError.uasset" 42
"../../../Engine/Content/EditorResources/SequenceRecorder/Countdown.uasset" 43
"../../../Engine/Content/EditorResources/SequenceRecorder/RecordingIndicator.uasset" 44
"../../../Engine/Content/EditorSounds/Notifications/CompileFailed.uasset" 45
"../../../Engine/Content/EditorSounds/Notifications/CompileFailed_Cue.uasset" 46
"../../../Engine/Content/EditorSounds/Notifications/CompileSuccess.uasset" 47
"../../../Engine/Content/EditorSounds/Notifications/CompileStart_Cue.uasset" 48
"../../../Engine/Content/EditorSounds/Notifications/CompileSuccess_Cue.uasset" 49
"../../../Engine/Content/EngineDamageTypes/DmgTypeBP_Environmental.uasset" 50
"../../../Engine/Content/EngineDebugMaterials/HeatmapGradient.uasset" 51
"../../../Engine/Content/EngineDebugMaterials/BoneWeightMaterial.uasset" 52
"../../../Engine/Content/EngineDebugMaterials/ClothMaterial.uasset" 53
"../../../Engine/Content/EngineDebugMaterials/ClothMaterial_WF.uasset" 54
"../../../Engine/Content/EngineDebugMaterials/DebugEditorMaterial.uasset" 55
"../../../Engine/Content/EngineDebugMaterials/DebugMeshMaterial.uasset" 56
"../../../Engine/Content/EngineDebugMaterials/GeomMaterial.uasset" 57
"../../../Engine/Content/EngineDebugMaterials/M_SimpleTranslucent.uasset" 58
"../../../Engine/Content/EngineFonts/Faces/RobotoBold.uasset" 59
"../../../Engine/Content/EngineFonts/Faces/RobotoBoldItalic.uasset" 60
"../../../Engine/Content/EngineFonts/Faces/RobotoItalic.uasset" 61
"../../../Engine/Content/EngineFonts/Faces/RobotoLight.uasset" 62
"../../../Engine/Content/EngineFonts/Faces/RobotoRegular.uasset" 63
"../../../Engine/Content/EngineFonts/Faces/RobotoTiny.uasset" 64
"../../../Engine/Content/EngineMaterials/BaseFlattenDiffuseMap.uasset" 65
"../../../Engine/Content/EngineMaterials/BaseFlattenEmissiveMap.uasset" 66
"../../../Engine/Content/EngineMaterials/BaseFlattenGrayscaleMap.uasset" 67
"../../../Engine/Content/EngineMaterials/BaseFlattenNormalMap.uasset" 68
"../../../Engine/Content/EngineMaterials/BaseFlattenMaterial.uasset" 69
"../../../Engine/Content/EngineMaterials/DefaultBloomKernel.uasset" 70
"../../../Engine/Content/EngineMaterials/DefaultBokeh.uasset" 71
"../../../Engine/Content/EngineMaterials/DefaultDiffuse.uasset" 72
"../../../Engine/Content/EngineMaterials/DefaultDeferredDecalMaterial.uasset" 73
"../../../Engine/Content/EngineMaterials/DefaultLightFunctionMaterial.uasset" 74
"../../../Engine/Content/EngineMaterials/DefaultPhysicalMaterial.uasset" 75
"../../../Engine/Content/Functions/Engine_MaterialFunctions02/Utility/BreakOutFloat2Components.uasset" 76
"../../../Engine/Content/EngineMaterials/DefaultPostProcessMaterial.uasset" 77
"../../../Engine/Content/EngineMaterials/DefaultTextMaterialOpaque.uasset" 78
"../../../Engine/Content/EngineMaterials/DefaultWhiteGrid.uasset" 79
"../../../Engine/Content/EngineMaterials/EditorBrushMaterial.uasset" 80
"../../../Engine/Content/EngineMaterials/Good64x64TilingNoiseHighFreq.uasset" 81
"../../../Engine/Content/EngineMaterials/MiniFont.uasset" 82
"../../../Engine/Content/EngineMaterials/InvalidLightmapSettings.uasset" 83
"../../../Engine/Content/EngineMaterials/M_InvalidLightmapSettings.uasset" 84
"../../../Engine/Content/Functions/Engine_MaterialFunctions02/WorldPositionOffset/CameraOffset.uasset" 85
"../../../Engine/Content/EngineMaterials/PhAT_JointLimitMaterial.uasset" 86
"../../../Engine/Content/EngineMaterials/PreintegratedSkinBRDF.uasset" 87
"../../../Engine/Content/EngineMaterials/RemoveSurfaceMaterial.uasset" 88
"../../../Engine/Content/EngineMaterials/WeightMapPlaceholderTexture.uasset" 89
"../../../Engine/Content/EngineResources/WhiteSquareTexture.uasset" 90
"../../../Engine/Content/EngineMaterials/Widget3DPassThrough.uasset" 91
"../../../Engine/Content/EngineMaterials/Widget3DPassThrough_Masked.uasset" 92
"../../../Engine/Content/EngineMaterials/Widget3DPassThrough_Opaque.uasset" 93
"../../../Engine/Content/EngineMaterials/Widget3DPassThrough_Masked_OneSided.uasset" 94
"../../../Engine/Content/EngineMaterials/Widget3DPassThrough_Opaque_OneSided.uasset" 95
"../../../Engine/Content/EngineMaterials/Widget3DPassThrough_Translucent.uasset" 96
"../../../Engine/Content/EngineMaterials/Widget3DPassThrough_Translucent_OneSided.uasset" 97
"../../../Engine/Content/EngineMeshes/Cube.uasset" 98
"../../../Engine/Content/EngineMeshes/Cylinder.uasset" 99
"../../../Engine/Content/EngineMeshes/Sphere.uasset" 100
"../../../Engine/Content/EngineResources/Black.uasset" 101
"../../../Engine/Content/EngineResources/DefaultTexture.uasset" 102
"../../../Engine/Content/EngineResources/DefaultTextureCube.uasset" 103
"../../../Engine/Content/EngineResources/DefaultVolumeTexture2D.uasset" 104
"../../../Engine/Content/EngineResources/DefaultVolumeTexture.uasset" 105
"../../../Engine/Content/EngineResources/GradientTexture0.uasset" 106
"../../../Engine/Content/EngineSounds/Master.uasset" 107
"../../../Engine/Content/Functions/Engine_MaterialFunctions01/Shading/ConvertFromDiffSpec.uasset" 108
"../../../Engine/Content/Functions/Engine_MaterialFunctions01/Shading/PowerToRoughness.uasset" 109
"../../../Engine/Content/Maps/Templates/Thumbnails/Default.uasset" 110
"../../../Engine/Content/Maps/Templates/Thumbnails/VR-Basic.uasset" 111
"../../../Engine/Content/MobileResources/T_MobileControls_texture.uasset" 112
"../../../Engine/Content/MobileResources/T_MobileMenu2.uasset" 113
"../../../Engine/Content/MobileResources/HUD/AnalogHat.uasset" 114
"../../../Engine/Content/MobileResources/HUD/VirtualJoystick_Background.uasset" 115
"../../../Engine/Content/MobileResources/HUD/VirtualJoystick_Thumb.uasset" 116
"../../../Engine/Content/MobileResources/HUD/DefaultVirtualJoysticks.uasset" 117
"../../../Engine/Content/MobileResources/HUD/LeftVirtualJoystickOnly.uasset" 118
"../../../Engine/Content/MobileResources/HUD/MobileHUDButton1_off.uasset" 119
"../../../Engine/Content/MobileResources/HUD/MobileHUDButton1_on.uasset" 120
"../../../Engine/Content/MobileResources/HUD/MobileHUDButton2_off.uasset" 121
"../../../Engine/Content/MobileResources/HUD/MobileHUDButton2_on.uasset" 122
"../../../Engine/Content/MobileResources/HUD/MobileHUDButton3.uasset" 123
"../../../Engine/Content/MobileResources/HUD/MobileHUDButtonFire.uasset" 124
"../../../Engine/Content/MobileResources/HUD/MobileHUDDirectionPad.uasset" 125
"../../../Engine/Content/MobileResources/HUD/MobileHUDDirectionPad2.uasset" 126
"../../../Engine/Content/MobileResources/HUD/MobileHUDDirectionPad3.uasset" 127
"../../../Engine/Content/MobileResources/HUD/MobileHUDDirectionStick.uasset" 128
"../../../Engine/Content/MobileResources/HUD/T_Castle_ThumbstickInner.uasset" 129
"../../../Engine/Content/MobileResources/HUD/T_Castle_ThumbstickOutter.uasset" 130
"../../../Engine/Content/Tutorial/ContentIntroCurve.uasset" 131
"../../../Engine/Content/Tutorial/Basics/TutorialAssets/icon_tab_Levels_40x.uasset" 132
"../../../Engine/Content/Tutorial/BlueprintTutorials/TutorialAssets/BlueprintInterface_64x.uasset" 133
"../../../Engine/Content/Tutorial/BlueprintTutorials/TutorialAssets/BlueprintMacroLibrary_64x.uasset" 134
"../../../Engine/Content/Tutorial/BlueprintTutorials/TutorialAssets/Blueprint_64x.uasset" 135
"../../../Engine/Content/Tutorial/BlueprintTutorials/TutorialAssets/Tutorial_BP_Interface.uasset" 136
"../../../Engine/Content/Tutorial/Foliage/TutorialAssets/Foliage.uasset" 137
"../../../Engine/Content/Tutorial/Landscape/TutorialAssets/Landscape.uasset" 138
"../../../Engine/Content/Tutorial/Paper2D/TutorialAssets/Paper2DSprite_TutorialIcon.uasset" 139
"../../../Engine/Content/Tutorial/SubEditors/TutorialAssets/TutorialMaterial.uasset" 140
"../../../Engine/Content/Tutorial/SubEditors/TutorialAssets/T_SmokeSubUV_8X8.uasset" 141
"../../../Engine/Content/Tutorial/SubEditors/TutorialAssets/T_soft_smoke.uasset" 142
"../../../Engine/Content/Tutorial/SubEditors/TutorialAssets/M_smoke_subUV_blackbody.uasset" 143
"../../../Engine/Content/Tutorial/SubEditors/TutorialAssets/TutorialParticleSystem.uasset" 144
"../../../Engine/Content/VREditor/LaserPointer/VR_LaserPower_01.uasset" 145
"../../../Engine/Content/VREditor/TransformGizmo/TransformGizmoMaterial.uasset" 146
"../../../Engine/Content/VREditor/TransformGizmo/TranslucentTransformGizmoMaterial.uasset" 147
"../../../Engine/Content/VREditor/TransformGizmo/BoundingBoxCorner.uasset" 148
"../../../Engine/Content/VREditor/TransformGizmo/BoundingBoxEdge.uasset" 149
"../../../Engine/Content/VREditor/TransformGizmo/PlaneTranslationHandle.uasset" 150
"../../../Engine/Content/VREditor/TransformGizmo/Main.uasset" 151
"../../../Engine/Content/VREditor/TransformGizmo/Xray.uasset" 152
"../../../Engine/Content/VREditor/TransformGizmo/SM_Sequencer_Key.uasset" 153
"../../../Engine/Content/VREditor/TransformGizmo/SM_Sequencer_Node.uasset" 154
"../../Plugins/2D/Paper2D/Content/PlaceholderTextures/DummySpriteTexture.uasset" 155
"../../Plugins/2D/Paper2D/Content/DummySprite.uasset" 156
"../../Plugins/2D/Paper2D/Content/DefaultPaperTerrainMaterial.uasset" 157
"../../Plugins/2D/Paper2D/Content/DefaultSpriteMaterial.uasset" 158
"../../Plugins/2D/Paper2D/Content/MaskedUnlitSpriteMaterial.uasset" 159
"../../Plugins/2D/Paper2D/Content/OpaqueUnlitSpriteMaterial.uasset" 160
"../../Plugins/Runtime/Oculus/OculusVR/Content/Materials/PokeAHoleMaterial.uasset" 161
"../../Plugins/Runtime/Oculus/OculusVR/Content/Textures/GearVRController_AO.uasset" 162
"../../Plugins/Runtime/Oculus/OculusVR/Content/Textures/GearVRController_Color.uasset" 163
"../../Plugins/Runtime/Oculus/OculusVR/Content/Textures/GearVRController_Normal.uasset" 164
"../../Plugins/Runtime/Oculus/OculusVR/Content/Materials/GearVRControllerMaterial.uasset" 165
"../../Plugins/Runtime/Oculus/OculusVR/Content/Meshes/GearVrController.uasset" 166
"../../Plugins/Runtime/Oculus/OculusVR/Content/Meshes/RiftHMD.uasset" 167
"../../../Engine/Content/EditorBlueprintResources/StandardMacros.uasset" 168
"A:/!GameDev/UE4/Pavlov/Advanced Movement/AdvancedMovement_1.0/Plugins/CustomMapTools/Content/Examples/GL_Base.uasset" 169
"A:/!GameDev/UE4/Pavlov/Advanced Movement/AdvancedMovement_1.0/Plugins/CustomMapTools/Content/Examples/DeathMatch/GL_Deathmatch.uasset" 170
"../../../Engine/Content/EngineSky/C_Sky_Cloud_Color.uasset" 171
"../../../Engine/Content/EngineSky/C_Sky_Horizon_Color.uasset" 172
"../../../Engine/Content/EngineSky/C_Sky_Zenith_Color.uasset" 173
"../../../Engine/Content/EngineSky/T_Sky_Blue.uasset" 174
"../../../Engine/Content/EngineSky/T_Sky_Clouds_M.uasset" 175
"../../../Engine/Content/EngineSky/T_Sky_Stars.uasset" 176
"../../../Engine/Content/EngineSky/M_Sky_Panning_Clouds2.uasset" 177
"../../../Engine/Content/EngineSky/SM_SkySphere.uasset" 178
"../../../Engine/Content/EngineSky/BP_Sky_Sphere.uasset" 179
"A:/!GameDev/UE4/Pavlov/Advanced Movement/AdvancedMovement_1.0/Content/CustomMaps/UGC2095206091/AdvancedMovement/Interacting/Advanced_InteractBox.uasset" 180
"A:/!GameDev/UE4/Pavlov/Advanced Movement/AdvancedMovement_1.0/Plugins/CustomMapTools/Content/Examples/Proxies/BP_HandProxyExample.uasset" 181
"A:/!GameDev/UE4/Pavlov/Advanced Movement/AdvancedMovement_1.0/Content/CustomMaps/UGC2095206091/AdvancedMovement/Proxies/AdvancedMovement_Interface.uasset" 182
"../../../Engine/Content/EditorBlueprintResources/ActorMacros.uasset" 183
"A:/!GameDev/UE4/Pavlov/Advanced Movement/AdvancedMovement_1.0/Content/CustomMaps/UGC2095206091/AdvancedMovement/Miscellaneous/JsonLibrary.uasset" 184
"A:/!GameDev/UE4/Pavlov/Advanced Movement/AdvancedMovement_1.0/Content/CustomMaps/UGC2095206091/AdvancedMovement/Proxies/AdvancedMovement_GlobalInfo.uasset" 185
"A:/!GameDev/UE4/Pavlov/Advanced Movement/AdvancedMovement_1.0/Content/CustomMaps/UGC2095206091/AdvancedMovement/Proxies/AdvancedMovement_PlayerInfo.uasset" 186
"A:/!GameDev/UE4/Pavlov/Advanced Movement/AdvancedMovement_1.0/Content/CustomMaps/UGC2095206091/AdvancedMovement/UI/Images/border.uasset" 187
"A:/!GameDev/UE4/Pavlov/Advanced Movement/AdvancedMovement_1.0/Content/CustomMaps/UGC2095206091/AdvancedMovement/UI/Images/Button.uasset" 188
"A:/!GameDev/UE4/Pavlov/Advanced Movement/AdvancedMovement_1.0/Content/CustomMaps/UGC2095206091/AdvancedMovement/UI/Images/SettingsIcon.uasset" 189
"A:/!GameDev/UE4/Pavlov/Advanced Movement/AdvancedMovement_1.0/Content/CustomMaps/UGC2095206091/AdvancedMovement/UI/SettingsMenu.uasset" 190
"../../../Engine/Content/EngineMeshes/Humanoid.uasset" 191
"A:/!GameDev/UE4/Pavlov/Advanced Movement/AdvancedMovement_1.0/Plugins/CustomMapTools/Content/Mannequin/Character/Mesh/UE4_Mannequin_Skeleton.uasset" 192
"A:/!GameDev/UE4/Pavlov/Advanced Movement/AdvancedMovement_1.0/Plugins/CustomMapTools/Content/Mannequin/Character/Mesh/SK_Mannequin.uasset" 193
"A:/!GameDev/UE4/Pavlov/Advanced Movement/AdvancedMovement_1.0/Content/CustomMaps/UGC2095206091/AdvancedMovement/Miscellaneous/Sounds/SW_Wind_RushingLoop1.uasset" 194
"../../Plugins/Runtime/Oculus/OculusVR/Content/Textures/touchController_albedo.uasset" 195
"../../Plugins/Runtime/Oculus/OculusVR/Content/Textures/touchController_controlmap.uasset" 196
"../../Plugins/Runtime/Oculus/OculusVR/Content/Materials/touchController_mat.uasset" 197
"../../Plugins/Runtime/Oculus/OculusVR/Content/Meshes/LeftTouchController.uasset" 198
"../../Plugins/Runtime/Oculus/OculusVR/Content/Meshes/RightTouchController.uasset" 199
"A:/!GameDev/UE4/Pavlov/Advanced Movement/AdvancedMovement_1.0/Content/CustomMaps/UGC2095206091/AdvancedMovement/Proxies/AdvancedMovement_PlayerProxy.uasset" 200
"A:/!GameDev/UE4/Pavlov/Advanced Movement/AdvancedMovement_1.0/Content/CustomMaps/UGC2095206091/AdvancedMovement/Proxies/AdvancedMovement_HandProxy.uasset" 201
"A:/!GameDev/UE4/Pavlov/Advanced Movement/AdvancedMovement_1.0/Content/CustomMaps/UGC2095206091/AdvancedMovement/Climbing/Climbing_Box.uasset" 202
"A:/!GameDev/UE4/Pavlov/Advanced Movement/AdvancedMovement_1.0/Content/CustomMaps/UGC2095206091/AdvancedMovement/Interacting/Advanced_InteractMesh.uasset" 203
"A:/!GameDev/UE4/Pavlov/Advanced Movement/AdvancedMovement_1.0/Content/CustomMaps/UGC2095206091/AdvancedMovement/Climbing/Climbing_StaticMesh.uasset" 204
"../../../Engine/Content/BasicShapes/BasicShapeMaterial.uasset" 205
"A:/!GameDev/UE4/Pavlov/Advanced Movement/AdvancedMovement_1.0/Plugins/CustomMapTools/Content/PhysicalMaterials/PM_ForceNone.uasset" 206
"A:/!GameDev/UE4/Pavlov/Advanced Movement/AdvancedMovement_1.0/Content/CustomMaps/UGC2095206091/AdvancedMovementTemplate/Materials/BasicColors/BasicColorMaster.uasset" 207
"A:/!GameDev/UE4/Pavlov/Advanced Movement/AdvancedMovement_1.0/Content/CustomMaps/UGC2095206091/AdvancedMovementTemplate/Materials/BasicColors/BasicRed.uasset" 208
"A:/!GameDev/UE4/Pavlov/Advanced Movement/AdvancedMovement_1.0/Content/CustomMaps/UGC2095206091/AdvancedMovementTemplate/Materials/BasicColors/BasicWhite.uasset" 209
"A:/!GameDev/UE4/Pavlov/Advanced Movement/AdvancedMovement_1.0/Content/CustomMaps/UGC2095206091/AdvancedMovementTemplate/Meshes/Dynamic_Box.uasset" 210
"A:/!GameDev/UE4/Pavlov/Advanced Movement/AdvancedMovement_1.0/Content/CustomMaps/UGC2095206091/AdvancedMovementTemplate/Climbing/ClimbableBox.uasset" 211
"A:/!GameDev/UE4/Pavlov/Advanced Movement/AdvancedMovement_1.0/Content/CustomMaps/UGC2095206091/AdvancedMovementTemplate/Climbing/ClimbableBoxWallDetection.uasset" 212
"A:/!GameDev/UE4/Pavlov/Advanced Movement/AdvancedMovement_1.0/Content/CustomMaps/UGC2095206091/AdvancedMovementTemplate/Meshes/LadderMesh.uasset" 213
"A:/!GameDev/UE4/Pavlov/Advanced Movement/AdvancedMovement_1.0/Content/CustomMaps/UGC2095206091/AdvancedMovementTemplate/Climbing/ClimbableMesh.uasset" 214
"A:/!GameDev/UE4/Pavlov/Advanced Movement/AdvancedMovement_1.0/Content/CustomMaps/UGC2095206091/AdvancedMovementTemplate/Climbing/Climbspin.uasset" 215
"A:/!GameDev/UE4/Pavlov/Advanced Movement/AdvancedMovement_1.0/Content/CustomMaps/UGC2095206091/AdvancedMovementTemplate/AdvancedMovementExampleMap_BuiltData.uasset" 216
"A:/!GameDev/UE4/Pavlov/Advanced Movement/AdvancedMovement_1.0/Content/CustomMaps/UGC2095206091/AdvancedMovementTemplate/Materials/BasicColors/Transparent_Texture.uasset" 217
"A:/!GameDev/UE4/Pavlov/Advanced Movement/AdvancedMovement_1.0/Content/CustomMaps/UGC2095206091/AdvancedMovementTemplate/Meshes/Dynamic_BoxCentered.uasset" 218
"A:/!GameDev/UE4/Pavlov/Advanced Movement/AdvancedMovement_1.0/Content/CustomMaps/UGC2095206091/definition.uasset" 219
"A:/!GameDev/UE4/Pavlov/Advanced Movement/AdvancedMovement_1.0/Content/CustomMaps/UGC2095206091/AdvancedMovementTemplate/AdvancedMovementExampleMap.umap" 220
"../../../Engine/Content/Maps/Entry_BuiltData.uasset" 221
"../../../Engine/Content/Maps/Entry.umap" 222
"../../../Engine/Content/Maps/Templates/Template_Default_BuiltData.uasset" 223
"../../../Engine/Content/MapTemplates/SM_Template_Map_Floor.uasset" 224
"../../../Engine/Content/Maps/Templates/Template_Default.umap" 225
